e:\documentos\obligatorio2cga\cga2\cga2\obligatorio2\x64\release\vc142.pdb
e:\documentos\obligatorio2cga\cga2\cga2\obligatorio2\x64\release\glad.obj
e:\documentos\obligatorio2cga\cga2\cga2\obligatorio2\x64\release\plane.obj
e:\documentos\obligatorio2cga\cga2\cga2\obligatorio2\x64\release\settings.obj
e:\documentos\obligatorio2cga\cga2\cga2\obligatorio2\x64\release\object.obj
e:\documentos\obligatorio2cga\cga2\cga2\obligatorio2\x64\release\entity.obj
e:\documentos\obligatorio2cga\cga2\cga2\obligatorio2\x64\release\camera.obj
e:\documentos\obligatorio2cga\cga2\cga2\obligatorio2\x64\release\main.obj
e:\documentos\obligatorio2cga\cga2\cga2\x64\release\obligatorio2.exe
e:\documentos\obligatorio2cga\cga2\cga2\x64\release\obligatorio2.pdb
e:\documentos\obligatorio2cga\cga2\cga2\x64\release\obligatorio2.ipdb
e:\documentos\obligatorio2cga\cga2\cga2\x64\release\obligatorio2.iobj
c:\users\matias\desktop\fing\8° semestre\cga\cga2\obligatorio2\x64\release\camera.obj
c:\users\matias\desktop\fing\8° semestre\cga\cga2\obligatorio2\x64\release\glad.obj
c:\users\matias\desktop\fing\8° semestre\cga\cga2\obligatorio2\x64\release\main.obj
c:\users\matias\desktop\fing\8° semestre\cga\cga2\obligatorio2\x64\release\vc142.pdb
c:\users\matias\desktop\fing\8° semestre\cga\cga2\x64\release\obligatorio2.pdb
c:\users\matias\desktop\fing\8° semestre\cga\cga2\x64\release\obligatorio2.exe
c:\users\matias\desktop\fing\8° semestre\cga\cga2\obligatorio2\x64\release\obligatorio2.tlog\cl.command.1.tlog
c:\users\matias\desktop\fing\8° semestre\cga\cga2\obligatorio2\x64\release\obligatorio2.tlog\cl.read.1.tlog
c:\users\matias\desktop\fing\8° semestre\cga\cga2\obligatorio2\x64\release\obligatorio2.tlog\cl.write.1.tlog
c:\users\matias\desktop\fing\8° semestre\cga\cga2\obligatorio2\x64\release\obligatorio2.tlog\link.command.1.tlog
c:\users\matias\desktop\fing\8° semestre\cga\cga2\obligatorio2\x64\release\obligatorio2.tlog\link.read.1.tlog
c:\users\matias\desktop\fing\8° semestre\cga\cga2\obligatorio2\x64\release\obligatorio2.tlog\link.write.1.tlog
c:\users\matias\desktop\fing\8° semestre\cga\cga2\obligatorio2\x64\release\obligatorio2.tlog\obligatorio2.write.1u.tlog
